This is pdfTeX, Version 3.14159265-2.6-1.40.21 (TeX Live 2020) (preloaded format=pdflatex 2020.5.29)  13 NOV 2022 13:44
entering extended mode
 restricted \write18 enabled.
 file:line:error style messages enabled.
 %&-line parsing enabled.
**_main.tex
(./_main.tex
LaTeX2e <2020-02-02> patch level 5
L3 programming layer <2020-03-06>
(/usr/local/texlive/2020/texmf-dist/tex/latex/base/book.cls
Document Class: book 2019/12/20 v1.4l Standard LaTeX document class
(/usr/local/texlive/2020/texmf-dist/tex/latex/base/bk10.clo
File: bk10.clo 2019/12/20 v1.4l Standard LaTeX file (size option)
)
\c@part=\count167
\c@chapter=\count168
\c@section=\count169
\c@subsection=\count170
\c@subsubsection=\count171
\c@paragraph=\count172
\c@subparagraph=\count173
\c@figure=\count174
\c@table=\count175
\abovecaptionskip=\skip47
\belowcaptionskip=\skip48
\bibindent=\dimen134
)
(/usr/local/texlive/2020/texmf-dist/tex/latex/etoolbox/etoolbox.sty
Package: etoolbox 2019/09/21 v2.5h e-TeX tools for LaTeX (JAW)
\etb@tempcnta=\count176
)
(/usr/local/texlive/2020/texmf-dist/tex/latex/amsmath/amsmath.sty
Package: amsmath 2020/01/20 v2.17e AMS math features
\@mathmargin=\skip49

For additional information on amsmath, use the `?' option.
(/usr/local/texlive/2020/texmf-dist/tex/latex/amsmath/amstext.sty
Package: amstext 2000/06/29 v2.01 AMS text

(/usr/local/texlive/2020/texmf-dist/tex/latex/amsmath/amsgen.sty
File: amsgen.sty 1999/11/30 v2.0 generic functions
\@emptytoks=\toks15
\ex@=\dimen135
))
(/usr/local/texlive/2020/texmf-dist/tex/latex/amsmath/amsbsy.sty
Package: amsbsy 1999/11/29 v1.2d Bold Symbols
\pmbraise@=\dimen136
)
(/usr/local/texlive/2020/texmf-dist/tex/latex/amsmath/amsopn.sty
Package: amsopn 2016/03/08 v2.02 operator names
)
\inf@bad=\count177
LaTeX Info: Redefining \frac on input line 227.
\uproot@=\count178
\leftroot@=\count179
LaTeX Info: Redefining \overline on input line 389.
\classnum@=\count180
\DOTSCASE@=\count181
LaTeX Info: Redefining \ldots on input line 486.
LaTeX Info: Redefining \dots on input line 489.
LaTeX Info: Redefining \cdots on input line 610.
\Mathstrutbox@=\box45
\strutbox@=\box46
\big@size=\dimen137
LaTeX Font Info:    Redeclaring font encoding OML on input line 733.
LaTeX Font Info:    Redeclaring font encoding OMS on input line 734.
\macc@depth=\count182
\c@MaxMatrixCols=\count183
\dotsspace@=\muskip16
\c@parentequation=\count184
\dspbrk@lvl=\count185
\tag@help=\toks16
\row@=\count186
\column@=\count187
\maxfields@=\count188
\andhelp@=\toks17
\eqnshift@=\dimen138
\alignsep@=\dimen139
\tagshift@=\dimen140
\tagwidth@=\dimen141
\totwidth@=\dimen142
\lineht@=\dimen143
\@envbody=\toks18
\multlinegap=\skip50
\multlinetaggap=\skip51
\mathdisplay@stack=\toks19
LaTeX Info: Redefining \[ on input line 2859.
LaTeX Info: Redefining \] on input line 2860.
)
(/usr/local/texlive/2020/texmf-dist/tex/latex/amsfonts/amssymb.sty
Package: amssymb 2013/01/14 v3.01 AMS font symbols

(/usr/local/texlive/2020/texmf-dist/tex/latex/amsfonts/amsfonts.sty
Package: amsfonts 2013/01/14 v3.01 Basic AMSFonts support
\symAMSa=\mathgroup4
\symAMSb=\mathgroup5
LaTeX Font Info:    Redeclaring math symbol \hbar on input line 98.
LaTeX Font Info:    Overwriting math alphabet `\mathfrak' in version `bold'
(Font)                  U/euf/m/n --> U/euf/b/n on input line 106.
))
(/usr/local/texlive/2020/texmf-dist/tex/latex/lm/lmodern.sty
Package: lmodern 2009/10/30 v1.6 Latin Modern Fonts
LaTeX Font Info:    Overwriting symbol font `operators' in version `normal'
(Font)                  OT1/cmr/m/n --> OT1/lmr/m/n on input line 22.
LaTeX Font Info:    Overwriting symbol font `letters' in version `normal'
(Font)                  OML/cmm/m/it --> OML/lmm/m/it on input line 23.
LaTeX Font Info:    Overwriting symbol font `symbols' in version `normal'
(Font)                  OMS/cmsy/m/n --> OMS/lmsy/m/n on input line 24.
LaTeX Font Info:    Overwriting symbol font `largesymbols' in version `normal'
(Font)                  OMX/cmex/m/n --> OMX/lmex/m/n on input line 25.
LaTeX Font Info:    Overwriting symbol font `operators' in version `bold'
(Font)                  OT1/cmr/bx/n --> OT1/lmr/bx/n on input line 26.
LaTeX Font Info:    Overwriting symbol font `letters' in version `bold'
(Font)                  OML/cmm/b/it --> OML/lmm/b/it on input line 27.
LaTeX Font Info:    Overwriting symbol font `symbols' in version `bold'
(Font)                  OMS/cmsy/b/n --> OMS/lmsy/b/n on input line 28.
LaTeX Font Info:    Overwriting symbol font `largesymbols' in version `bold'
(Font)                  OMX/cmex/m/n --> OMX/lmex/m/n on input line 29.
LaTeX Font Info:    Overwriting math alphabet `\mathbf' in version `normal'
(Font)                  OT1/cmr/bx/n --> OT1/lmr/bx/n on input line 31.
LaTeX Font Info:    Overwriting math alphabet `\mathsf' in version `normal'
(Font)                  OT1/cmss/m/n --> OT1/lmss/m/n on input line 32.
LaTeX Font Info:    Overwriting math alphabet `\mathit' in version `normal'
(Font)                  OT1/cmr/m/it --> OT1/lmr/m/it on input line 33.
LaTeX Font Info:    Overwriting math alphabet `\mathtt' in version `normal'
(Font)                  OT1/cmtt/m/n --> OT1/lmtt/m/n on input line 34.
LaTeX Font Info:    Overwriting math alphabet `\mathbf' in version `bold'
(Font)                  OT1/cmr/bx/n --> OT1/lmr/bx/n on input line 35.
LaTeX Font Info:    Overwriting math alphabet `\mathsf' in version `bold'
(Font)                  OT1/cmss/bx/n --> OT1/lmss/bx/n on input line 36.
LaTeX Font Info:    Overwriting math alphabet `\mathit' in version `bold'
(Font)                  OT1/cmr/bx/it --> OT1/lmr/bx/it on input line 37.
LaTeX Font Info:    Overwriting math alphabet `\mathtt' in version `bold'
(Font)                  OT1/cmtt/m/n --> OT1/lmtt/m/n on input line 38.
)
(/usr/local/texlive/2020/texmf-dist/tex/generic/iftex/iftex.sty
Package: iftex 2020/03/06 v1.0d TeX engine tests
)
(/usr/local/texlive/2020/texmf-dist/tex/latex/base/fontenc.sty
Package: fontenc 2020/02/11 v2.0o Standard LaTeX package
LaTeX Font Info:    Trying to load font information for T1+lmr on input line 11
2.

(/usr/local/texlive/2020/texmf-dist/tex/latex/lm/t1lmr.fd
File: t1lmr.fd 2009/10/30 v1.6 Font defs for Latin Modern
))
(/usr/local/texlive/2020/texmf-dist/tex/latex/base/inputenc.sty
Package: inputenc 2018/08/11 v1.3c Input encoding file
\inpenc@prehook=\toks20
\inpenc@posthook=\toks21
)
(/usr/local/texlive/2020/texmf-dist/tex/latex/base/textcomp.sty
Package: textcomp 2020/02/02 v2.0n Standard LaTeX package
)
(/usr/local/texlive/2020/texmf-dist/tex/latex/upquote/upquote.sty
Package: upquote 2012/04/19 v1.3 upright-quote and grave-accent glyphs in verba
tim
)
(/usr/local/texlive/2020/texmf-dist/tex/latex/microtype/microtype.sty
Package: microtype 2019/11/18 v2.7d Micro-typographical refinements (RS)

(/usr/local/texlive/2020/texmf-dist/tex/latex/graphics/keyval.sty
Package: keyval 2014/10/28 v1.15 key=value parser (DPC)
\KV@toks@=\toks22
)
\MT@toks=\toks23
\MT@count=\count189
LaTeX Info: Redefining \textls on input line 790.
\MT@outer@kern=\dimen144
LaTeX Info: Redefining \textmicrotypecontext on input line 1354.
\MT@listname@count=\count190

(/usr/local/texlive/2020/texmf-dist/tex/latex/microtype/microtype-pdftex.def
File: microtype-pdftex.def 2019/11/18 v2.7d Definitions specific to pdftex (RS)

LaTeX Info: Redefining \lsstyle on input line 914.
LaTeX Info: Redefining \lslig on input line 914.
\MT@outer@space=\skip52
)
Package microtype Info: Loading configuration file microtype.cfg.

(/usr/local/texlive/2020/texmf-dist/tex/latex/microtype/microtype.cfg
File: microtype.cfg 2019/11/18 v2.7d microtype main configuration file (RS)
))
(/usr/local/texlive/2020/texmf-dist/tex/latex/parskip/parskip.sty
Package: parskip 2020-01-22 v2.0d non-zero parskip adjustments

(/usr/local/texlive/2020/texmf-dist/tex/latex/kvoptions/kvoptions.sty
Package: kvoptions 2019/11/29 v3.13 Key value format for package options (HO)

(/usr/local/texlive/2020/texmf-dist/tex/generic/ltxcmds/ltxcmds.sty
Package: ltxcmds 2019/12/15 v1.24 LaTeX kernel commands for general use (HO)
)
(/usr/local/texlive/2020/texmf-dist/tex/generic/kvsetkeys/kvsetkeys.sty
Package: kvsetkeys 2019/12/15 v1.18 Key value parser (HO)
)))
(/usr/local/texlive/2020/texmf-dist/tex/latex/xcolor/xcolor.sty
Package: xcolor 2016/05/11 v2.12 LaTeX color extensions (UK)

(/usr/local/texlive/2020/texmf-dist/tex/latex/graphics-cfg/color.cfg
File: color.cfg 2016/01/02 v1.6 sample color configuration
)
Package xcolor Info: Driver file: pdftex.def on input line 225.

(/usr/local/texlive/2020/texmf-dist/tex/latex/graphics-def/pdftex.def
File: pdftex.def 2018/01/08 v1.0l Graphics/color driver for pdftex
)
Package xcolor Info: Model `cmy' substituted by `cmy0' on input line 1348.
Package xcolor Info: Model `hsb' substituted by `rgb' on input line 1352.
Package xcolor Info: Model `RGB' extended on input line 1364.
Package xcolor Info: Model `HTML' substituted by `rgb' on input line 1366.
Package xcolor Info: Model `Hsb' substituted by `hsb' on input line 1367.
Package xcolor Info: Model `tHsb' substituted by `hsb' on input line 1368.
Package xcolor Info: Model `HSB' substituted by `hsb' on input line 1369.
Package xcolor Info: Model `Gray' substituted by `gray' on input line 1370.
Package xcolor Info: Model `wave' substituted by `hsb' on input line 1371.
)
(/usr/local/texlive/2020/texmf-dist/tex/latex/xurl/xurl.sty
Package: xurl 2020/01/24 v 0.09 modify URL breaks

(/usr/local/texlive/2020/texmf-dist/tex/latex/url/url.sty
\Urlmuskip=\muskip17
Package: url 2013/09/16  ver 3.4  Verb mode for urls, etc.
))
(/usr/local/texlive/2020/texmf-dist/tex/latex/bookmark/bookmark.sty
Package: bookmark 2019/12/03 v1.28 PDF bookmarks (HO)

(/usr/local/texlive/2020/texmf-dist/tex/latex/hyperref/hyperref.sty
Package: hyperref 2020/01/14 v7.00d Hypertext links for LaTeX

(/usr/local/texlive/2020/texmf-dist/tex/latex/pdftexcmds/pdftexcmds.sty
Package: pdftexcmds 2019/11/24 v0.31 Utility functions of pdfTeX for LuaTeX (HO
)

(/usr/local/texlive/2020/texmf-dist/tex/generic/infwarerr/infwarerr.sty
Package: infwarerr 2019/12/03 v1.5 Providing info/warning/error messages (HO)
)
Package pdftexcmds Info: \pdf@primitive is available.
Package pdftexcmds Info: \pdf@ifprimitive is available.
Package pdftexcmds Info: \pdfdraftmode found.
)
(/usr/local/texlive/2020/texmf-dist/tex/generic/kvdefinekeys/kvdefinekeys.sty
Package: kvdefinekeys 2019-12-19 v1.6 Define keys (HO)
)
(/usr/local/texlive/2020/texmf-dist/tex/generic/pdfescape/pdfescape.sty
Package: pdfescape 2019/12/09 v1.15 Implements pdfTeX's escape features (HO)
)
(/usr/local/texlive/2020/texmf-dist/tex/latex/hycolor/hycolor.sty
Package: hycolor 2020-01-27 v1.10 Color options for hyperref/bookmark (HO)
)
(/usr/local/texlive/2020/texmf-dist/tex/latex/letltxmacro/letltxmacro.sty
Package: letltxmacro 2019/12/03 v1.6 Let assignment for LaTeX macros (HO)
)
(/usr/local/texlive/2020/texmf-dist/tex/latex/auxhook/auxhook.sty
Package: auxhook 2019-12-17 v1.6 Hooks for auxiliary files (HO)
)
\@linkdim=\dimen145
\Hy@linkcounter=\count191
\Hy@pagecounter=\count192

(/usr/local/texlive/2020/texmf-dist/tex/latex/hyperref/pd1enc.def
File: pd1enc.def 2020/01/14 v7.00d Hyperref: PDFDocEncoding definition (HO)
Now handling font encoding PD1 ...
... no UTF-8 mapping file for font encoding PD1
)
(/usr/local/texlive/2020/texmf-dist/tex/generic/intcalc/intcalc.sty
Package: intcalc 2019/12/15 v1.3 Expandable calculations with integers (HO)
)
(/usr/local/texlive/2020/texmf-dist/tex/generic/etexcmds/etexcmds.sty
Package: etexcmds 2019/12/15 v1.7 Avoid name clashes with e-TeX commands (HO)
)
\Hy@SavedSpaceFactor=\count193
Package hyperref Info: Option `unicode' set `true' on input line 4421.

(/usr/local/texlive/2020/texmf-dist/tex/latex/hyperref/puenc.def
File: puenc.def 2020/01/14 v7.00d Hyperref: PDF Unicode definition (HO)
Now handling font encoding PU ...
... no UTF-8 mapping file for font encoding PU
)
Package hyperref Info: Hyper figures OFF on input line 4547.
Package hyperref Info: Link nesting OFF on input line 4552.
Package hyperref Info: Hyper index ON on input line 4555.
Package hyperref Info: Plain pages OFF on input line 4562.
Package hyperref Info: Backreferencing OFF on input line 4567.
Package hyperref Info: Implicit mode ON; LaTeX internals redefined.
Package hyperref Info: Bookmarks ON on input line 4800.
\c@Hy@tempcnt=\count194
LaTeX Info: Redefining \url on input line 5159.
\XeTeXLinkMargin=\dimen146

(/usr/local/texlive/2020/texmf-dist/tex/generic/bitset/bitset.sty
Package: bitset 2019/12/09 v1.3 Handle bit-vector datatype (HO)

(/usr/local/texlive/2020/texmf-dist/tex/generic/bigintcalc/bigintcalc.sty
Package: bigintcalc 2019/12/15 v1.5 Expandable calculations on big integers (HO
)
))
\Fld@menulength=\count195
\Field@Width=\dimen147
\Fld@charsize=\dimen148
Package hyperref Info: Hyper figures OFF on input line 6430.
Package hyperref Info: Link nesting OFF on input line 6435.
Package hyperref Info: Hyper index ON on input line 6438.
Package hyperref Info: backreferencing OFF on input line 6445.
Package hyperref Info: Link coloring OFF on input line 6450.
Package hyperref Info: Link coloring with OCG OFF on input line 6455.
Package hyperref Info: PDF/A mode OFF on input line 6460.
LaTeX Info: Redefining \ref on input line 6500.
LaTeX Info: Redefining \pageref on input line 6504.

(/usr/local/texlive/2020/texmf-dist/tex/generic/atbegshi/atbegshi.sty
Package: atbegshi 2019/12/05 v1.19 At begin shipout hook (HO)
)
\Hy@abspage=\count196
\c@Item=\count197
\c@Hfootnote=\count198
)
Package hyperref Info: Driver (autodetected): hpdftex.

(/usr/local/texlive/2020/texmf-dist/tex/latex/hyperref/hpdftex.def
File: hpdftex.def 2020/01/14 v7.00d Hyperref driver for pdfTeX

(/usr/local/texlive/2020/texmf-dist/tex/latex/atveryend/atveryend.sty
Package: atveryend 2019-12-11 v1.11 Hooks at the very end of document (HO)
)
\Fld@listcount=\count199
\c@bookmark@seq@number=\count266

(/usr/local/texlive/2020/texmf-dist/tex/latex/rerunfilecheck/rerunfilecheck.sty
Package: rerunfilecheck 2019/12/05 v1.9 Rerun checks for auxiliary files (HO)

(/usr/local/texlive/2020/texmf-dist/tex/generic/uniquecounter/uniquecounter.sty
Package: uniquecounter 2019/12/15 v1.4 Provide unlimited unique counter (HO)
)
Package uniquecounter Info: New unique counter `rerunfilecheck' on input line 2
86.
)
\Hy@SectionHShift=\skip53
) (/usr/local/texlive/2020/texmf-dist/tex/latex/bookmark/bkm-pdftex.def
File: bkm-pdftex.def 2019/12/03 v1.28 bookmark driver for pdfTeX (HO)
\BKM@id=\count267
))
(/usr/local/texlive/2020/texmf-dist/tex/latex/tools/longtable.sty
Package: longtable 2020/01/07 v4.13 Multi-page Table package (DPC)
\LTleft=\skip54
\LTright=\skip55
\LTpre=\skip56
\LTpost=\skip57
\LTchunksize=\count268
\LTcapwidth=\dimen149
\LT@head=\box47
\LT@firsthead=\box48
\LT@foot=\box49
\LT@lastfoot=\box50
\LT@cols=\count269
\LT@rows=\count270
\c@LT@tables=\count271
\c@LT@chunks=\count272
\LT@p@ftn=\toks24
)
(/usr/local/texlive/2020/texmf-dist/tex/latex/booktabs/booktabs.sty
Package: booktabs 2020/01/12 v1.61803398 Publication quality tables
\heavyrulewidth=\dimen150
\lightrulewidth=\dimen151
\cmidrulewidth=\dimen152
\belowrulesep=\dimen153
\belowbottomsep=\dimen154
\aboverulesep=\dimen155
\abovetopsep=\dimen156
\cmidrulesep=\dimen157
\cmidrulekern=\dimen158
\defaultaddspace=\dimen159
\@cmidla=\count273
\@cmidlb=\count274
\@aboverulesep=\dimen160
\@belowrulesep=\dimen161
\@thisruleclass=\count275
\@lastruleclass=\count276
\@thisrulewidth=\dimen162
)
(/usr/local/texlive/2020/texmf-dist/tex/latex/tools/array.sty
Package: array 2019/08/31 v2.4l Tabular extension package (FMi)
\col@sep=\dimen163
\ar@mcellbox=\box51
\extrarowheight=\dimen164
\NC@list=\toks25
\extratabsurround=\skip58
\backup@length=\skip59
\ar@cellbox=\box52
)
(/usr/local/texlive/2020/texmf-dist/tex/latex/tools/calc.sty
Package: calc 2017/05/25 v4.3 Infix arithmetic (KKT,FJ)
\calc@Acount=\count277
\calc@Bcount=\count278
\calc@Adimen=\dimen165
\calc@Bdimen=\dimen166
\calc@Askip=\skip60
\calc@Bskip=\skip61
LaTeX Info: Redefining \setlength on input line 80.
LaTeX Info: Redefining \addtolength on input line 81.
\calc@Ccount=\count279
\calc@Cskip=\skip62
)
(/usr/local/texlive/2020/texmf-dist/tex/latex/footnotehyper/footnotehyper.sty
Package: footnotehyper 2019/11/07 v1.1a hyperref aware footnote.sty (JFB)
\FNH@notes=\box53
\FNH@width=\dimen167
)
(/usr/local/texlive/2020/texmf-dist/tex/latex/graphics/graphicx.sty
Package: graphicx 2019/11/30 v1.2a Enhanced LaTeX Graphics (DPC,SPQR)

(/usr/local/texlive/2020/texmf-dist/tex/latex/graphics/graphics.sty
Package: graphics 2019/11/30 v1.4a Standard LaTeX Graphics (DPC,SPQR)

(/usr/local/texlive/2020/texmf-dist/tex/latex/graphics/trig.sty
Package: trig 2016/01/03 v1.10 sin cos tan (DPC)
)
(/usr/local/texlive/2020/texmf-dist/tex/latex/graphics-cfg/graphics.cfg
File: graphics.cfg 2016/06/04 v1.11 sample graphics configuration
)
Package graphics Info: Driver file: pdftex.def on input line 105.
)
\Gin@req@height=\dimen168
\Gin@req@width=\dimen169
)
(/usr/local/texlive/2020/texmf-dist/tex/latex/l3backend/l3backend-pdfmode.def
File: l3backend-pdfmode.def 2020-03-12 L3 backend support: PDF mode
\l__kernel_color_stack_int=\count280
\l__pdf_internal_box=\box54
)
(./_main.aux)
Runaway argument?
{{4.2.1}{27}{Default arugments and named arguments}{subsection.4.2. 
./_main.tex:86: File ended while scanning use of \@newl@bel.
<inserted text> 
                \par 
l.86 \begin{document}
                     
? 
\openout1 = `_main.aux'.

LaTeX Font Info:    Checking defaults for OML/cmm/m/it on input line 86.
LaTeX Font Info:    ... okay on input line 86.
LaTeX Font Info:    Checking defaults for OMS/cmsy/m/n on input line 86.
LaTeX Font Info:    ... okay on input line 86.
LaTeX Font Info:    Checking defaults for OT1/cmr/m/n on input line 86.
LaTeX Font Info:    ... okay on input line 86.
LaTeX Font Info:    Checking defaults for T1/cmr/m/n on input line 86.
LaTeX Font Info:    ... okay on input line 86.
LaTeX Font Info:    Checking defaults for TS1/cmr/m/n on input line 86.
LaTeX Font Info:    ... okay on input line 86.
LaTeX Font Info:    Checking defaults for OMX/cmex/m/n on input line 86.
LaTeX Font Info:    ... okay on input line 86.
LaTeX Font Info:    Checking defaults for U/cmr/m/n on input line 86.
LaTeX Font Info:    ... okay on input line 86.
LaTeX Font Info:    Checking defaults for PD1/pdf/m/n on input line 86.
LaTeX Font Info:    ... okay on input line 86.
LaTeX Font Info:    Checking defaults for PU/pdf/m/n on input line 86.
LaTeX Font Info:    ... okay on input line 86.
LaTeX Info: Redefining \microtypecontext on input line 86.
Package microtype Info: Generating PDF output.
Package microtype Info: Character protrusion enabled (level 2).
Package microtype Info: Using protrusion set `basicmath'.
Package microtype Info: Automatic font expansion enabled (level 2),
(microtype)             stretch: 20, shrink: 20, step: 1, non-selected.
Package microtype Info: Using default expansion set `basictext'.
LaTeX Info: Redefining \showhyphens on input line 86.
Package microtype Info: No adjustment of tracking.
Package microtype Info: No adjustment of interword spacing.
Package microtype Info: No adjustment of character kerning.
(/usr/local/texlive/2020/texmf-dist/tex/latex/microtype/mt-cmr.cfg
File: mt-cmr.cfg 2013/05/19 v2.2 microtype config. file: Computer Modern Roman 
(RS)
)
(/usr/local/texlive/2020/texmf-dist/tex/context/base/mkii/supp-pdf.mkii
[Loading MPS to PDF converter (version 2006.09.02).]
\scratchcounter=\count281
\scratchdimen=\dimen170
\scratchbox=\box55
\nofMPsegments=\count282
\nofMParguments=\count283
\everyMPshowfont=\toks26
\MPscratchCnt=\count284
\MPscratchDim=\dimen171
\MPnumerator=\count285
\makeMPintoPDFobject=\count286
\everyMPtoPDFconversion=\toks27
) (/usr/local/texlive/2020/texmf-dist/tex/latex/epstopdf-pkg/epstopdf-base.sty
Package: epstopdf-base 2020-01-24 v2.11 Base part for package epstopdf
Package epstopdf-base Info: Redefining graphics rule for `.eps' on input line 4
85.

(/usr/local/texlive/2020/texmf-dist/tex/latex/latexconfig/epstopdf-sys.cfg
File: epstopdf-sys.cfg 2010/07/13 v1.3 Configuration of (r)epstopdf for TeX Liv
e
))
\AtBeginShipoutBox=\box56
Package hyperref Info: Link coloring OFF on input line 86.

(/usr/local/texlive/2020/texmf-dist/tex/latex/hyperref/nameref.sty
Package: nameref 2019/09/16 v2.46 Cross-referencing by name of section

(/usr/local/texlive/2020/texmf-dist/tex/latex/refcount/refcount.sty
Package: refcount 2019/12/15 v3.6 Data extraction from label references (HO)
)
(/usr/local/texlive/2020/texmf-dist/tex/generic/gettitlestring/gettitlestring.s
ty
Package: gettitlestring 2019/12/15 v1.6 Cleanup title references (HO)
)
\c@section@level=\count287
)
LaTeX Info: Redefining \ref on input line 86.
LaTeX Info: Redefining \pageref on input line 86.
LaTeX Info: Redefining \nameref on input line 86.
LaTeX Font Info:    Trying to load font information for OT1+lmr on input line 8
8.
 (/usr/local/texlive/2020/texmf-dist/tex/latex/lm/ot1lmr.fd
File: ot1lmr.fd 2009/10/30 v1.6 Font defs for Latin Modern
)
LaTeX Font Info:    Trying to load font information for OML+lmm on input line 8
8.

(/usr/local/texlive/2020/texmf-dist/tex/latex/lm/omllmm.fd
File: omllmm.fd 2009/10/30 v1.6 Font defs for Latin Modern
)
LaTeX Font Info:    Trying to load font information for OMS+lmsy on input line 
88.

(/usr/local/texlive/2020/texmf-dist/tex/latex/lm/omslmsy.fd
File: omslmsy.fd 2009/10/30 v1.6 Font defs for Latin Modern
)
LaTeX Font Info:    Trying to load font information for OMX+lmex on input line 
88.

(/usr/local/texlive/2020/texmf-dist/tex/latex/lm/omxlmex.fd
File: omxlmex.fd 2009/10/30 v1.6 Font defs for Latin Modern
)
LaTeX Font Info:    External font `lmex10' loaded for size
(Font)              <12> on input line 88.
LaTeX Font Info:    External font `lmex10' loaded for size
(Font)              <8> on input line 88.
LaTeX Font Info:    External font `lmex10' loaded for size
(Font)              <6> on input line 88.
LaTeX Font Info:    Trying to load font information for U+msa on input line 88.


(/usr/local/texlive/2020/texmf-dist/tex/latex/amsfonts/umsa.fd
File: umsa.fd 2013/01/14 v3.01 AMS symbols A
)
(/usr/local/texlive/2020/texmf-dist/tex/latex/microtype/mt-msa.cfg
File: mt-msa.cfg 2006/02/04 v1.1 microtype config. file: AMS symbols (a) (RS)
)
LaTeX Font Info:    Trying to load font information for U+msb on input line 88.


(/usr/local/texlive/2020/texmf-dist/tex/latex/amsfonts/umsb.fd
File: umsb.fd 2013/01/14 v3.01 AMS symbols B
)
(/usr/local/texlive/2020/texmf-dist/tex/latex/microtype/mt-msb.cfg
File: mt-msb.cfg 2005/06/01 v1.0 microtype config. file: AMS symbols (b) (RS)
) [1


{/usr/local/texlive/2020/texmf-var/fonts/map/pdftex/updmap/pdftex.map}] [2

] (./_main.toc)
\tf@toc=\write3
\openout3 = `_main.toc'.

 [3] [4

] [5] [6]
LaTeX Font Info:    Trying to load font information for T1+lmtt on input line 1
19.
 (/usr/local/texlive/2020/texmf-dist/tex/latex/lm/t1lmtt.fd
File: t1lmtt.fd 2009/10/30 v1.6 Font defs for Latin Modern
)
[7] [8

] [9] [10]
Chapter 1.

Underfull \vbox (badness 6204) has occurred while \output is active []

 [11

]
[12] [13] [14

]
Chapter 2.
LaTeX Font Info:    External font `lmex10' loaded for size
(Font)              <10> on input line 163.
LaTeX Font Info:    External font `lmex10' loaded for size
(Font)              <7> on input line 163.
LaTeX Font Info:    External font `lmex10' loaded for size
(Font)              <5> on input line 163.
<figures/cran.png, id=95, 1140.26pt x 220.825pt>
File: figures/cran.png Graphic file (type png)
<use figures/cran.png>
Package pdftex.def Info: figures/cran.png  used on input line 167.
(pdftex.def)             Requested size: 344.98627pt x 66.81071pt.

Underfull \vbox (badness 7326) has occurred while \output is active []

 [15 <./figures/cran.png>]
<figures/console.png, id=106, 710.655pt x 388.45125pt>
File: figures/console.png Graphic file (type png)
<use figures/console.png>
Package pdftex.def Info: figures/console.png  used on input line 182.
(pdftex.def)             Requested size: 345.00342pt x 188.58237pt.

Underfull \vbox (badness 10000) has occurred while \output is active []

 [16 <./figures/console.png>]
<figures/rstudio.png, id=117, 1444.39626pt x 481.8pt>
File: figures/rstudio.png Graphic file (type png)
<use figures/rstudio.png>
Package pdftex.def Info: figures/rstudio.png  used on input line 197.
(pdftex.def)             Requested size: 344.98717pt x 115.07562pt.
 [17 <./figures/rstudio.png>] [18

]
Chapter 3.
<figures/three_pane.png, id=130, 848.16875pt x 517.935pt>
File: figures/three_pane.png Graphic file (type png)
<use figures/three_pane.png>
Package pdftex.def Info: figures/three_pane.png  used on input line 210.
(pdftex.def)             Requested size: 344.99478pt x 210.67137pt.
[19 <./figures/three_pane.png>]
<figures/script_pane.png, id=139, 847.66687pt x 510.40688pt>
File: figures/script_pane.png Graphic file (type png)
<use figures/script_pane.png>
Package pdftex.def Info: figures/script_pane.png  used on input line 225.
(pdftex.def)             Requested size: 344.9976pt x 207.7339pt.
 [20 <./figures/script_pane.png>] [21]
Overfull \hbox (27.74892pt too wide) in paragraph at lines 278--278
[]\T1/lmtt/m/n/10 3+8*2 # This line shows that you can do multiple operations i
n one line[] 
 []


Overfull \hbox (38.24889pt too wide) in paragraph at lines 289--289
[]\T1/lmtt/m/n/10 > 3+8*2 # This line shows that you can do multiple operations
 in one line[] 
 []

[22]
Chapter 4.
[23

]
Overfull \hbox (59.24883pt too wide) in paragraph at lines 361--361
[]\T1/lmtt/m/n/10 number_of_votes <- voting_pop*vote_share # Number of votes ca
st for the party[] 
 []

[24]
Overfull \hbox (38.24889pt too wide) in paragraph at lines 369--369
[]\T1/lmtt/m/n/10 vote_shares <- c(0.52,0.44,0.04) # Vote shares of all parties
 of interest[] 
 []


Overfull \hbox (43.49887pt too wide) in paragraph at lines 385--385
[]\T1/lmtt/m/n/10 voting_pop*vote_shares[1] # Number of people who voted for th
e first party[] 
 []


Overfull \hbox (48.74886pt too wide) in paragraph at lines 385--385
[]\T1/lmtt/m/n/10 voting_pop*vote_shares[2] # Number of people who voted for th
e second party[] 
 []


Overfull \hbox (43.49887pt too wide) in paragraph at lines 385--385
[]\T1/lmtt/m/n/10 voting_pop*vote_shares[3] # Number of people who voted for th
e third party[] 
 []

[25]
Overfull \hbox (43.49887pt too wide) in paragraph at lines 432--432
[]\T1/lmtt/m/n/10 size_share_correlation <- cor(vote_share_per_district,voters_
per_district)[] 
 []

[26]
Overfull \hbox (11.99896pt too wide) in paragraph at lines 443--443
[]\T1/lmtt/m/n/10 cor(vote_share_per_district,voters_per_district,method = "spe
arman")[] 
 []

<figures/help_file.png, id=186, 676.5275pt x 763.85374pt>
File: figures/help_file.png Graphic file (type png)
<use figures/help_file.png>
Package pdftex.def Info: figures/help_file.png  used on input line 456.
(pdftex.def)             Requested size: 345.0038pt x 389.53694pt.
[27] [28 <./figures/help_file.png>]
LaTeX Font Info:    Trying to load font information for TS1+lmr on input line 4
65.

(/usr/local/texlive/2020/texmf-dist/tex/latex/lm/ts1lmr.fd
File: ts1lmr.fd 2009/10/30 v1.6 Font defs for Latin Modern
)
Overfull \hbox (32.9989pt too wide) in paragraph at lines 492--492
[]\T1/lmtt/m/n/10 Error in cor(vote_share_per_district, voters_per_district, "s
pearman") :[] 
 []

LaTeX Font Info:    Trying to load font information for TS1+lmtt on input line 
492.
(/usr/local/texlive/2020/texmf-dist/tex/latex/lm/ts1lmtt.fd
File: ts1lmtt.fd 2009/10/30 v1.6 Font defs for Latin Modern
) [29] [30]
Overfull \hbox (1.499pt too wide) in paragraph at lines 537--537
[]                    \T1/lmtt/m/n/10 "Big Island", "Small Island") # District 
names[] 
 []


Overfull \hbox (179.99847pt too wide) in paragraph at lines 537--537
[]\T1/lmtt/m/n/10 # If you already created the vote_share_per_district object a
bove you do not need to create it again[] 
 []


Underfull \hbox (badness 2134) in paragraph at lines 539--540
[]\T1/lmr/m/n/10 (+20) If you do this you will get an er-ror mes-sage which say
s \T1/lmtt/m/n/10 Error in
 []

[31] [32]
Chapter 5.

Overfull \hbox (1.499pt too wide) in paragraph at lines 581--581
[]                    \T1/lmtt/m/n/10 "Big Island", "Small Island") # District 
names[] 
 []

[33

] [34]
Overfull \hbox (69.7488pt too wide) in paragraph at lines 616--616
[]\T1/lmtt/m/n/10 districts <- tibble(district_names,voters_per_district,vote_s
hare_per_district)[] 
 []


Overfull \hbox (174.74849pt too wide) in paragraph at lines 634--634
[]\T1/lmtt/m/n/10 district_type <- c("urban","urban","rural","urban","rural","r
ural","rural","urban","rural","rural")[] 
 []

[35]
Overfull \hbox (116.99866pt too wide) in paragraph at lines 653--653
[]\T1/lmtt/m/n/10 districts$total_voters # Accessing the \TS1/lmtt/m/n/10 '\T1/
lmtt/m/n/10 total_voters\TS1/lmtt/m/n/10 ' \T1/lmtt/m/n/10 variable in the \TS1
/lmtt/m/n/10 '\T1/lmtt/m/n/10 districts\TS1/lmtt/m/n/10 ' \T1/lmtt/m/n/10 tibbl
e[] 
 []


Overfull \hbox (32.9989pt too wide) in paragraph at lines 653--653
[]\T1/lmtt/m/n/10 districts$name # Accessing the \TS1/lmtt/m/n/10 '\T1/lmtt/m/n
/10 name\TS1/lmtt/m/n/10 ' \T1/lmtt/m/n/10 variable in the \TS1/lmtt/m/n/10 '\T
1/lmtt/m/n/10 districts\TS1/lmtt/m/n/10 ' \T1/lmtt/m/n/10 tibble[] 
 []


Overfull \hbox (153.74855pt too wide) in paragraph at lines 660--660
[]\T1/lmtt/m/n/10 mean(districts$vote_share) # Calculating the mean vote share 
for the party across all districts[] 
 []


Overfull \hbox (253.49826pt too wide) in paragraph at lines 660--660
[]\T1/lmtt/m/n/10 sd(districts$vote_share) # Calculating the standard deviation
 of the vote share for the party across all districts[] 
 []

[36] [37] [38

] [39] [40]
Chapter 6.
[41

] [42]
Chapter 7.
[43

]
LaTeX Font Info:    External font `lmex10' loaded for size
(Font)              <14.4> on input line 733.
LaTeX Font Info:    Font shape `T1/lmtt/bx/n' in size <14.4> not available
(Font)              Font shape `T1/lmtt/b/n' tried instead on input line 733.

Underfull \hbox (badness 10000) in paragraph at lines 733--733
[]\T1/lmr/bx/n/14.4 The magrittr %$$%\T1/lmtt/b/n/14.4 . The\T1/lmr/bx/n/14.4 m
agrittr\T1/lmtt/b/n/14.4 pipe is
 []


Overfull \hbox (16.97919pt too wide) in paragraph at lines 733--733
\T1/lmtt/b/n/14.4 useful when we have functions which require
 []


Underfull \hbox (badness 10000) in paragraph at lines 733--733
\T1/lmtt/b/n/14.4 as inputs variables from a data set. For
 []


Overfull \hbox (1.85922pt too wide) in paragraph at lines 733--733
\T1/lmtt/b/n/14.4 instance, if we want to run a correlation
 []


Underfull \hbox (badness 10000) in paragraph at lines 733--733
\T1/lmtt/b/n/14.4 analysis on two variables in a data set,
 []


Underfull \hbox (badness 10000) in paragraph at lines 733--733
\T1/lmtt/b/n/14.4 we would ordinarily have to write the
 []


Underfull \hbox (badness 10000) in paragraph at lines 733--733
\T1/lmtt/b/n/14.4 name of the data set\T1/lmr/bx/n/14.4 $\T1/lmtt/b/n/14.4 and 
the name of the
 []


Underfull \hbox (badness 10000) in paragraph at lines 733--733
\T1/lmtt/b/n/14.4 variable. The magrittr pipe simplifies
 []


Underfull \hbox (badness 10000) in paragraph at lines 733--733
\T1/lmtt/b/n/14.4 this by exposing the variables in the
 []


Underfull \hbox (badness 10000) in paragraph at lines 733--733
\T1/lmtt/b/n/14.4 dataset on the left hand side of the
 []


Overfull \hbox (24.53917pt too wide) in paragraph at lines 733--733
\T1/lmtt/b/n/14.4 pipe so that these variables can be accessed
 []


Underfull \hbox (badness 10000) in paragraph at lines 733--733
\T1/lmtt/b/n/14.4 directly by their names in a function.
 []


Overfull \hbox (36.37596pt too wide) in paragraph at lines 733--733
\T1/lmtt/b/n/14.4 For instance, let us work with the\T1/lmr/bx/n/14.4 districts
\T1/lmtt/b/n/14.4 data
 []


Underfull \hbox (badness 10000) in paragraph at lines 733--733
\T1/lmtt/b/n/14.4 set from the previous chapters to look
 []


Overfull \hbox (238.45865pt too wide) in paragraph at lines 733--733
\T1/lmtt/b/n/14.4 at the correlation between\T1/lmr/bx/n/14.4 vote_share_per_di
strict\T1/lmtt/b/n/14.4 and\T1/lmr/bx/n/14.4 voters_per_district\T1/lmtt/b/n/14
.4 .
 []


Underfull \hbox (badness 3260) in paragraph at lines 733--733
\T1/lmtt/b/n/14.4 You can create the\T1/lmr/bx/n/14.4 districts` data set by
 []


Underfull \vbox (badness 10000) has occurred while \output is active []

 [44]
Overfull \hbox (132.74861pt too wide) in paragraph at lines 760--760
[]\T1/lmtt/m/n/10 library(magrittr) # note, magrittr is not part of tidyverse a
nd needs to be installed first[] 
 []


Overfull \hbox (3430.81476pt too wide) has occurred while \output is active
\T1/lmr/m/sl/10 7.2.  THE MAGRITTR %$$%\T1/lmtt/m/sl/10 . THE\T1/lmr/m/sl/10 MA
GRITTR\T1/lmtt/m/sl/10 PIPE IS USEFUL WHEN WE HAVE FUNCTIONS WHICH REQUIRE AS I
NPUTS VARIABLES FROM A DATA SET. FOR INSTANCE, IF WE WANT TO RUN A CORRELATION 
ANALYSIS ON TWO VARIABLES IN A DATA SET, WE WOULD ORDINARILY HAVE TO WRITE THE 
NAME OF THE DATA SET\T1/lmr/m/sl/10 $\T1/lmtt/m/sl/10 AND THE NAME OF THE VARIA
BLE. THE MAGRITTR PIPE SIMPLIFIES THIS BY EXPOSING THE VARIABLES IN THE DATASET
 ON THE LEFT HAND SIDE OF THE PIPE SO THAT THESE VARIABLES CAN BE ACCESSED DIRE
CTLY BY THEIR NAMES IN A FUNCTION. FOR INSTANCE, LET US WORK WITH THE\T1/lmr/m/
sl/10 DISTRICTS\T1/lmtt/m/sl/10 DATA SET FROM THE PREVIOUS CHAPTERS TO LOOK AT 
THE CORRELATION BETWEEN\T1/lmr/m/sl/10 VOTE_SHARE_PER_DISTRICT\T1/lmtt/m/sl/10 
AND\T1/lmr/m/sl/10 VOTERS_PER_DISTRICT\T1/lmtt/m/sl/10 . YOU CAN CREATE THE\T1/
lmr/m/sl/10 DISTRICTS` DATA SET BY RUNNING \T1/lmr/m/n/10 45
 []

[45] [46]
Chapter 8.
[47

]
Overfull \hbox (227.24834pt too wide) in paragraph at lines 796--796
[]\T1/lmtt/m/n/10 ucdp <- readRDS("ucdp.RDS") # If we have a .RDS file (this is
 not available for download at the UCDP website)[] 
 []


Overfull \hbox (90.74873pt too wide) in paragraph at lines 796--796
[]\T1/lmtt/m/n/10 load("ucdp.Rdata") # Note that we do not need to assign the v
alue when using load()[] 
 []

[48] [49] [50

]
Chapter 9.
[51]
Overfull \hbox (43.49887pt too wide) in paragraph at lines 835--835
[]\T1/lmtt/m/n/10 ucdp_civ_europe <- ucdp %>% filter(deaths_civilians>0, region
 == "Europe")[] 
 []


Underfull \hbox (badness 10000) in paragraph at lines 844--845
\T1/lmtt/m/n/10 deaths_a, deaths_b, deaths_civilians, deaths_unknown, best, hig
h,
 []

[52]
Overfull \hbox (447.7477pt too wide) in paragraph at lines 858--858
[]\T1/lmtt/m/n/10 ucdp_red <- ucdp %>% select(id, year, conflict_name, country,
 region,                                             deaths_a, deaths_b, deaths
_civilians,[] 
 []


Overfull \hbox (442.49771pt too wide) in paragraph at lines 858--858
[]                                    \T1/lmtt/m/n/10 deaths_unknown, best, hig
h, low) #using variable names. Note that you do not use quotation marks around 
names here[] 
 []


Overfull \hbox (106.49869pt too wide) in paragraph at lines 858--858
[]\T1/lmtt/m/n/10 ucdp_red <- ucdp %>% select(1,3,9,34,36,41,42,43,44,45,46,47)
 # using column positions[] 
 []


Overfull \hbox (536.99744pt too wide) in paragraph at lines 858--858
[]\T1/lmtt/m/n/10 ucdp_red <- ucdp %>% select(id,year,conflict_name,34,36,41:47
) # using column positions and names. Note that 41:47 means all integers (whole
 numbers) between 41 and 47.[] 
 []


Overfull \hbox (594.74727pt too wide) in paragraph at lines 858--858
[]                                    \T1/lmtt/m/n/10 45:47) # Using column pos
itions, names, and a select helper (starts_with()). Note that you need to use q
uotation marks inside the select helper[] 
 []

[53]
Overfull \hbox (69.7488pt too wide) in paragraph at lines 897--897
[]\T1/lmtt/m/n/10 ucdp <- ucdp %>% mutate(civilian_casualties = case_when(death
s_civilians>0 ~ 1,[] 
 []


Overfull \hbox (1.499pt too wide) in paragraph at lines 897--897
[]                                                        \T1/lmtt/m/n/10 TRUE 
~ 0))[] 
 []


Overfull \hbox (64.49881pt too wide) in paragraph at lines 897--897
[]\T1/lmtt/m/n/10 ucdp <- ucdp %>% mutate(civilian_casualties = ifelse(deaths_c
ivilians>0,1,,0))[] 
 []

[54]
Overfull \hbox (111.74867pt too wide) in paragraph at lines 920--920
[]                                \T1/lmtt/m/n/10 civilian_casualties = case_wh
en(deaths_civilians>0 ~ 1,[] 
 []


Overfull \hbox (1.499pt too wide) in paragraph at lines 920--920
[]                                                        \T1/lmtt/m/n/10 TRUE 
~ 0))[] 
 []


Overfull \hbox (64.49881pt too wide) in paragraph at lines 920--920
[]\T1/lmtt/m/n/10 ucdp_civ_europe <- ucdp_red %>% filter(deaths_civilians>0, re
gion == "Europe")[] 
 []


Overfull \hbox (111.74867pt too wide) in paragraph at lines 936--936
[]                                \T1/lmtt/m/n/10 civilian_casualties = case_wh
en(deaths_civilians>0 ~ 1,[] 
 []


Overfull \hbox (22.49893pt too wide) in paragraph at lines 936--936
[]                                                        \T1/lmtt/m/n/10 TRUE 
~ 0)) %>%[] 
 []


Overfull \hbox (85.49875pt too wide) in paragraph at lines 936--936
[]                                    \T1/lmtt/m/n/10 filter(deaths_civilians>0
, region == "Europe")[] 
 []

[55] [56

]
Chapter 10.
[57]
Overfull \hbox (17.24895pt too wide) in paragraph at lines 974--974
[]\T1/lmtt/m/n/10 ucdp %>%  summarize(across(starts_with("deaths"),list(sum = ~
sum(.x),[] 
 []


Overfull \hbox (32.9989pt too wide) in paragraph at lines 974--974
[]                                                         \T1/lmtt/m/n/10 sd =
 ~sd(.x))))[] 
 []


Underfull \vbox (badness 10000) has occurred while \output is active []


Overfull \hbox (139.55432pt too wide) has occurred while \output is active
\T1/lmr/m/n/10 58 \T1/lmr/m/sl/10 CHAPTER 10.  SUMMARAZING DATA, GROUPING, AGGR
EGATION, AND GROUP MANIPULATION
 []

[58]
Overfull \hbox (85.49875pt too wide) in paragraph at lines 986--986
[]\T1/lmtt/m/n/10 ucdp %>% group_by(type_of_violence) %>% summarize(mean_best_e
stimate = mean(best),[] 
 []


Overfull \hbox (64.49881pt too wide) in paragraph at lines 986--986
[]                                                  \T1/lmtt/m/n/10 sd_best_est
imate = sd(best))[] 
 []


Overfull \hbox (127.49863pt too wide) in paragraph at lines 995--995
[]\T1/lmtt/m/n/10 ucdp %>% group_by(type_of_violence,region) %>% summarize(mean
_best_estimate  = mean(best),[] 
 []


Overfull \hbox (64.49881pt too wide) in paragraph at lines 995--995
[]                                                  \T1/lmtt/m/n/10 sd_best_est
imate = sd(best))[] 
 []

[59]
Overfull \hbox (95.99872pt too wide) in paragraph at lines 1016--1016
[]\T1/lmtt/m/n/10 ucdp_cy <- ucdp %>% group_by(country,year) %>% summarize(coun
try_id = country_id[1],[] 
 []


Overfull \hbox (74.99878pt too wide) in paragraph at lines 1016--1016
[]                                                         \T1/lmtt/m/n/10 numb
er_of_events = n(),[] 
 []


Overfull \hbox (164.24852pt too wide) in paragraph at lines 1016--1016
[]                                                         \T1/lmtt/m/n/10 civi
lian_deaths = sum(deaths_civilians),[] 
 []


Overfull \hbox (43.49887pt too wide) in paragraph at lines 1016--1016
[]                                                         \T1/lmtt/m/n/10 best
 = sum(best),[] 
 []


Overfull \hbox (32.9989pt too wide) in paragraph at lines 1016--1016
[]                                                         \T1/lmtt/m/n/10 low 
= sum(low),[] 
 []


Overfull \hbox (64.49881pt too wide) in paragraph at lines 1016--1016
[]                                                         \T1/lmtt/m/n/10 high
 = sum(high)) %>%[] 
 []


Overfull \hbox (1.499pt too wide) in paragraph at lines 1016--1016
[]                                                         \T1/lmtt/m/n/10 ungr
oup()[] 
 []


Overfull \hbox (139.55432pt too wide) has occurred while \output is active
\T1/lmr/m/n/10 60 \T1/lmr/m/sl/10 CHAPTER 10.  SUMMARAZING DATA, GROUPING, AGGR
EGATION, AND GROUP MANIPULATION
 []

[60]
Overfull \hbox (1.499pt too wide) in paragraph at lines 1029--1029
[]                    \T1/lmtt/m/n/10 mutate(lagged_best_fatalities = lag(best)
) %>%[] 
 []

[61]
Overfull \hbox (139.55432pt too wide) has occurred while \output is active
\T1/lmr/m/n/10 62 \T1/lmr/m/sl/10 CHAPTER 10.  SUMMARAZING DATA, GROUPING, AGGR
EGATION, AND GROUP MANIPULATION
 []

[62

]
Chapter 11.
[63]
Overfull \hbox (11.99896pt too wide) in paragraph at lines 1060--1060
[]\T1/lmtt/m/n/10 ucdp_gdp_inner <- inner_join(ucdp_cy,gdp) # if we want an inn
er join[] 
 []


Overfull \hbox (6.74898pt too wide) in paragraph at lines 1060--1060
[]\T1/lmtt/m/n/10 ucdp_gdp_right <- right_join(ucdp_cy,gdp) # if we want a righ
t join[] 
 []

[64]
Overfull \hbox (22.49893pt too wide) in paragraph at lines 1069--1069
[]\T1/lmtt/m/n/10 ucdp_gdp_left <- left_join(ucdp_cy,gdp, by = c("country_id" =
 "gw_id",[] 
 []

[65] [66

] [67] [68]
Chapter 12.
[69

] [70

]
Chapter 13.
[71] [72

]
Chapter 14.
[73] [74

] [75] [76]
Chapter 15.
[77

] [78]
Overfull \hbox (221.99835pt too wide) in paragraph at lines 1142--1142
[]\T1/lmtt/m/n/10 results[i] <- mean_of_dice # we input the value we are intere
sted at the i:th position in the results vector[] 
 []


Overfull \hbox (69.7488pt too wide) in paragraph at lines 1173--1173
[]\T1/lmtt/m/n/10 # We want to test how the distribution of means change from 1
 to 10 dice thrown[] 
 []


Overfull \hbox (290.24815pt too wide) in paragraph at lines 1173--1173
[]\T1/lmtt/m/n/10 results[i,j] <- mean_of_dice # we input the value we are inte
rested at the i:th row and j:th column in the results matrix[] 
 []

[79]
Overfull \hbox (32.9989pt too wide) in paragraph at lines 1185--1185
[]\T1/lmtt/m/n/10 qplot(results[,1], geom=\TS1/lmtt/m/n/10 '\T1/lmtt/m/n/10 bar
\TS1/lmtt/m/n/10 '\T1/lmtt/m/n/10 ) # The distribution of means with one dice[]
 
 []


Overfull \hbox (38.24889pt too wide) in paragraph at lines 1185--1185
[]\T1/lmtt/m/n/10 qplot(results[,5], geom=\TS1/lmtt/m/n/10 '\T1/lmtt/m/n/10 bar
\TS1/lmtt/m/n/10 '\T1/lmtt/m/n/10 ) # The distribution of means with five dice[
] 
 []


Overfull \hbox (43.49887pt too wide) in paragraph at lines 1185--1185
[]\T1/lmtt/m/n/10 qplot(results[,7], geom=\TS1/lmtt/m/n/10 '\T1/lmtt/m/n/10 bar
\TS1/lmtt/m/n/10 '\T1/lmtt/m/n/10 ) # The distribution of means with seven dice
[] 
 []


Overfull \hbox (38.24889pt too wide) in paragraph at lines 1185--1185
[]\T1/lmtt/m/n/10 qplot(results[,10], geom=\TS1/lmtt/m/n/10 '\T1/lmtt/m/n/10 ba
r\TS1/lmtt/m/n/10 '\T1/lmtt/m/n/10 ) # The distribution of means with ten dice[
] 
 []

[80]
Overfull \hbox (6.74898pt too wide) in paragraph at lines 1223--1223
[]\T1/lmtt/m/n/10 results <- rep(NA,number_of_means) # Pre-allocating a result 
vector[] 
 []


Overfull \hbox (221.99835pt too wide) in paragraph at lines 1223--1223
[]\T1/lmtt/m/n/10 results[i] <- mean_of_dice # we input the value we are intere
sted at the i:th position in the results vector[] 
 []


Overfull \hbox (179.99847pt too wide) in paragraph at lines 1237--1237
[]\T1/lmtt/m/n/10 mean_of_100_dice <- mean_of_dice(100) # if we do not specify 
the second argument it defaults to 1000[] 
 []


Overfull \hbox (305.99811pt too wide) in paragraph at lines 1237--1237
[]\T1/lmtt/m/n/10 mean_of_200_dice <- mean_of_dice(200,10000) # We can also inc
rease or decrease the number of trials with the second argument[] 
 []

[81] [82

] [83] [84]
Overfull \hbox (295.49814pt too wide) in paragraph at lines 1322--1322
[]\T1/lmtt/m/n/10 # Use R as a calculator to calculate 0.7 divided by the squar
e-root of 625 (hint: the function for square roots is sqrt())[] 
 []


Overfull \hbox (111.74867pt too wide) in paragraph at lines 1322--1322
[]\T1/lmtt/m/n/10 # Save the results of the calculation above as an object with
 a, to you, intuitive name[] 
 []


Overfull \hbox (158.99854pt too wide) in paragraph at lines 1322--1322
[]\T1/lmtt/m/n/10 # Look at the help file for the mean function. What does the 
\TS1/lmtt/m/n/10 '\T1/lmtt/m/n/10 trim\TS1/lmtt/m/n/10 ' \T1/lmtt/m/n/10 argume
nt in the function do,[] 
 []


Overfull \hbox (132.74861pt too wide) in paragraph at lines 1322--1322
[]\T1/lmtt/m/n/10 # What happens if you run the mean function on your object wi
th at least 10 numbers and set[] 
 []


Overfull \hbox (48.74886pt too wide) in paragraph at lines 1322--1322
[]\T1/lmtt/m/n/10 # Note, if you have not already installed tidyverse you need 
to do so first[] 
 []


Overfull \hbox (158.99854pt too wide) in paragraph at lines 1322--1322
[]\T1/lmtt/m/n/10 # Below you have four vectors of values relating to fatality 
nubmers for 20 different conflicts.[] 
 []


Overfull \hbox (59.24883pt too wide) in paragraph at lines 1322--1322
[]\T1/lmtt/m/n/10 # Combine these four vectors into a tibble and name this some
thing intuitive.[] 
 []

[85

]
Overfull \hbox (38.24889pt too wide) in paragraph at lines 1322--1322
[]\T1/lmtt/m/n/10 conflict_type <- c("insurgency", "war", "insurgecy", "insurge
ncy", "war",[] 
 []


Overfull \hbox (48.74886pt too wide) in paragraph at lines 1322--1322
[]            \T1/lmtt/m/n/10 "Africa", "Africa", "Europe", "Latin America", "L
atin America",[] 
 []


Overfull \hbox (1.499pt too wide) in paragraph at lines 1322--1322
[]            \T1/lmtt/m/n/10 "Latin America", "Europe", "Europe", "Africa", "A
sia")[] 
 []


Overfull \hbox (74.99878pt too wide) in paragraph at lines 1322--1322
[]\T1/lmtt/m/n/10 # Calculate the correlation between the number of fatalities 
and gdp per capita.[] 
 []


Overfull \hbox (22.49893pt too wide) in paragraph at lines 1322--1322
[]\T1/lmtt/m/n/10 # Do this using both pearson\TS1/lmtt/m/n/10 '\T1/lmtt/m/n/10
 s correlation and spearman\TS1/lmtt/m/n/10 '\T1/lmtt/m/n/10 s correlation.[] 
 []


Overfull \hbox (158.99854pt too wide) in paragraph at lines 1322--1322
[]\T1/lmtt/m/n/10 # Calculate the mean number of fatalities and the standard de
viation of the number of fatalities[] 
 []


Overfull \hbox (148.49857pt too wide) in paragraph at lines 1322--1322
[]\T1/lmtt/m/n/10 # Make a table for how many conflicts there are in each regio
n. Hint, use the table() function[] 
 []


Overfull \hbox (221.99835pt too wide) in paragraph at lines 1322--1322
[]\T1/lmtt/m/n/10 # Access the conflict_type variable in your tibble using both
 the $ method and the hard brackets, [], method[] 
 []


Overfull \hbox (32.9989pt too wide) in paragraph at lines 1322--1322
[]\T1/lmtt/m/n/10 # BONUS: assume that the data you have are a random sample of
 conflicts.[] 
 []


Overfull \hbox (101.2487pt too wide) in paragraph at lines 1322--1322
[]\T1/lmtt/m/n/10 # Then create a 95% confidence interval for the true mean of 
the number of fatalities[] 
 []


Overfull \hbox (59.24883pt too wide) in paragraph at lines 1322--1322
[]\T1/lmtt/m/n/10 # BONUS x2: What potential problems do you see with this conf
idence interval?[] 
 []

[86]
Overfull \hbox (531.74745pt too wide) in paragraph at lines 1357--1357
[]\T1/lmtt/m/n/10 # Download the DECO data on deadly electoral violence events 
and the reduced vdem dataset available in the file area on studium (and the mod
ule page for the Rworkshop)[] 
 []


Overfull \hbox (321.74806pt too wide) in paragraph at lines 1357--1357
[]\T1/lmtt/m/n/10 # Create a dummy variable taking the value one if the number 
of civilian deaths for an event is greater than 0 in the DECO data[] 
 []


Overfull \hbox (6.74898pt too wide) in paragraph at lines 1357--1357
[]\T1/lmtt/m/n/10 # Filter out all observations which do not have any civilian 
deaths[] 
 []


Overfull \hbox (342.748pt too wide) in paragraph at lines 1357--1357
[]\T1/lmtt/m/n/10 # Select the variables id, type_of_violence, country_id, coun
try, region, civilian_deaths, best, high, and low to keep in your data[] 
 []


Overfull \hbox (221.99835pt too wide) in paragraph at lines 1357--1357
[]\T1/lmtt/m/n/10 # Present summary statistics of the mean, standard deviation,
 and max of civilian_deaths by type_of_violence[] 
 []


Overfull \hbox (279.74818pt too wide) in paragraph at lines 1357--1357
[]\T1/lmtt/m/n/10 # Present summary statistics of the mean, standard deviation,
 and max of civilian_deaths by type_of_violence and region[] 
 []


Overfull \hbox (295.49814pt too wide) in paragraph at lines 1357--1357
[]\T1/lmtt/m/n/10 # Merge your data with the reduced vdem data. Note, I have ma
de sure that the country id variables of both data sets match[] 
 []


Overfull \hbox (206.2484pt too wide) in paragraph at lines 1357--1357
[]\T1/lmtt/m/n/10 ## Bonus, which type of _join is appropriate if we are planni
ng on investigating electoral violence? Why?[] 
 []

[87

] [88

] [89] [90] [91

]
Overfull \hbox (38.24889pt too wide) in paragraph at lines 1406--1406
[]\T1/lmtt/m/n/10 # The final argument, chisq, here must be set to TRUE to perf
orm the test[] 
 []

[92]
Package atveryend Info: Empty hook `BeforeClearDocument' on input line 1440.
 [93]
Package atveryend Info: Empty hook `AfterLastShipout' on input line 1440.
 (./_main.aux)
Package atveryend Info: Executing hook `AtVeryEndDocument' on input line 1440.
Package atveryend Info: Empty hook `AtEndAfterFileList' on input line 1440.


LaTeX Warning: Label(s) may have changed. Rerun to get cross-references right.

 ) 
Here is how much of TeX's memory you used:
 13374 strings out of 480608
 197563 string characters out of 5903630
 506305 words of memory out of 5000000
 28645 multiletter control sequences out of 15000+600000
 612920 words of font info for 153 fonts, out of 8000000 for 9000
 1141 hyphenation exceptions out of 8191
 41i,8n,42p,9804b,471s stack positions out of 5000i,500n,10000p,200000b,80000s
{/usr/local/texlive/2020/texmf-dist/fonts/enc/dvips/lm/lm-mathsy.enc}{/usr/lo
cal/texlive/2020/texmf-dist/fonts/enc/dvips/lm/lm-rm.enc}{/usr/local/texlive/20
20/texmf-dist/fonts/enc/dvips/lm/lm-mathit.enc}{/usr/local/texlive/2020/texmf-d
ist/fonts/enc/dvips/lm/lm-ec.enc}{/usr/local/texlive/2020/texmf-dist/fonts/enc/
dvips/lm/lm-ts1.enc}</usr/local/texlive/2020/texmf-dist/fonts/type1/public/lm/l
mbx12.pfb></usr/local/texlive/2020/texmf-dist/fonts/type1/public/lm/lmmi10.pfb>
</usr/local/texlive/2020/texmf-dist/fonts/type1/public/lm/lmr10.pfb></usr/local
/texlive/2020/texmf-dist/fonts/type1/public/lm/lmr12.pfb></usr/local/texlive/20
20/texmf-dist/fonts/type1/public/lm/lmr17.pfb></usr/local/texlive/2020/texmf-di
st/fonts/type1/public/lm/lmri10.pfb></usr/local/texlive/2020/texmf-dist/fonts/t
ype1/public/lm/lmro10.pfb></usr/local/texlive/2020/texmf-dist/fonts/type1/publi
c/lm/lmsy10.pfb></usr/local/texlive/2020/texmf-dist/fonts/type1/public/lm/lmtk1
0.pfb></usr/local/texlive/2020/texmf-dist/fonts/type1/public/lm/lmtt10.pfb></us
r/local/texlive/2020/texmf-dist/fonts/type1/public/lm/lmtto10.pfb>
Output written on _main.pdf (93 pages, 1129454 bytes).
PDF statistics:
 844 PDF objects out of 1000 (max. 8388607)
 718 compressed objects within 8 object streams
 235 named destinations out of 1000 (max. 500000)
 14815 words of extra memory for PDF output out of 17280 (max. 10000000)

